<?xml version="1.0" encoding="UTF-8"?>
<testsuite name="com.snapolitano.programmingprojects.chapter1.P1_2Test" tests="2" skipped="0" failures="0" errors="0" timestamp="2023-03-17T20:35:12" hostname="MBP-di-Saverio.station" time="0.011">
  <properties/>
  <testcase name="personalCarUse()" classname="com.snapolitano.programmingprojects.chapter1.P1_2Test" time="0.01"/>
  <testcase name="workCarUsePercentage()" classname="com.snapolitano.programmingprojects.chapter1.P1_2Test" time="0.0"/>
  <system-out><![CDATA[]]></system-out>
  <system-err><![CDATA[]]></system-err>
</testsuite>
